This file contains any messages produced by compilers while
running configure, to aid debugging if configure makes a mistake.

It was created by freeglut library configure 2.6.0, which was
generated by GNU Autoconf 2.71.  Invocation command line was

  $ ./configure

## --------- ##
## Platform. ##
## --------- ##

hostname = benc
uname -m = x86_64
uname -r = 6.2.0-34-generic
uname -s = Linux
uname -v = #34~22.04.1-Ubuntu SMP PREEMPT_DYNAMIC Thu Sep  7 13:12:03 UTC 2

/usr/bin/uname -p = x86_64
/bin/uname -X     = unknown

/bin/arch              = x86_64
/usr/bin/arch -k       = unknown
/usr/convex/getsysinfo = unknown
/usr/bin/hostinfo      = unknown
/bin/machine           = unknown
/usr/bin/oslevel       = unknown
/bin/universe          = unknown

PATH: /usr/local/cuda-11.7/bin/
PATH: /home/ben/miniconda3/bin/
PATH: /home/ben/miniconda3/condabin/
PATH: /usr/local/sbin/
PATH: /usr/local/bin/
PATH: /usr/sbin/
PATH: /usr/bin/
PATH: /sbin/
PATH: /bin/
PATH: /usr/games/
PATH: /usr/local/games/
PATH: /snap/bin/
PATH: /home/ben/.dotnet/tools/


## ----------- ##
## Core tests. ##
## ----------- ##

configure:2429: looking for aux files: config.guess config.sub ltmain.sh compile missing install-sh
configure:2442:  trying ./
configure:2471:   ./config.guess found
configure:2471:   ./config.sub found
configure:2471:   ./ltmain.sh found
configure:2471:   ./compile found
configure:2471:   ./missing found
configure:2453:   ./install-sh found
configure:2600: checking for a BSD-compatible install
configure:2673: result: /usr/bin/install -c
configure:2684: checking whether build environment is sane
configure:2739: result: yes
configure:2898: checking for a race-free mkdir -p
configure:2942: result: /usr/bin/mkdir -p
configure:2949: checking for gawk
configure:2970: found /usr/bin/gawk
configure:2981: result: gawk
configure:2992: checking whether make sets $(MAKE)
configure:3015: result: yes
configure:3045: checking whether make supports nested variables
configure:3063: result: yes
configure:3270: checking for gcc
configure:3291: found /usr/bin/gcc
configure:3302: result: gcc
configure:3655: checking for C compiler version
configure:3664: gcc --version >&5
gcc (Ubuntu 11.4.0-1ubuntu1~22.04) 11.4.0
Copyright (C) 2021 Free Software Foundation, Inc.
This is free software; see the source for copying conditions.  There is NO
warranty; not even for MERCHANTABILITY or FITNESS FOR A PARTICULAR PURPOSE.

configure:3675: $? = 0
configure:3664: gcc -v >&5
Using built-in specs.
COLLECT_GCC=gcc
COLLECT_LTO_WRAPPER=/usr/lib/gcc/x86_64-linux-gnu/11/lto-wrapper
OFFLOAD_TARGET_NAMES=nvptx-none:amdgcn-amdhsa
OFFLOAD_TARGET_DEFAULT=1
Target: x86_64-linux-gnu
Configured with: ../src/configure -v --with-pkgversion='Ubuntu 11.4.0-1ubuntu1~22.04' --with-bugurl=file:///usr/share/doc/gcc-11/README.Bugs --enable-languages=c,ada,c++,go,brig,d,fortran,objc,obj-c++,m2 --prefix=/usr --with-gcc-major-version-only --program-suffix=-11 --program-prefix=x86_64-linux-gnu- --enable-shared --enable-linker-build-id --libexecdir=/usr/lib --without-included-gettext --enable-threads=posix --libdir=/usr/lib --enable-nls --enable-bootstrap --enable-clocale=gnu --enable-libstdcxx-debug --enable-libstdcxx-time=yes --with-default-libstdcxx-abi=new --enable-gnu-unique-object --disable-vtable-verify --enable-plugin --enable-default-pie --with-system-zlib --enable-libphobos-checking=release --with-target-system-zlib=auto --enable-objc-gc=auto --enable-multiarch --disable-werror --enable-cet --with-arch-32=i686 --with-abi=m64 --with-multilib-list=m32,m64,mx32 --enable-multilib --with-tune=generic --enable-offload-targets=nvptx-none=/build/gcc-11-XeT9lY/gcc-11-11.4.0/debian/tmp-nvptx/usr,amdgcn-amdhsa=/build/gcc-11-XeT9lY/gcc-11-11.4.0/debian/tmp-gcn/usr --without-cuda-driver --enable-checking=release --build=x86_64-linux-gnu --host=x86_64-linux-gnu --target=x86_64-linux-gnu --with-build-config=bootstrap-lto-lean --enable-link-serialization=2
Thread model: posix
Supported LTO compression algorithms: zlib zstd
gcc version 11.4.0 (Ubuntu 11.4.0-1ubuntu1~22.04) 
... rest of stderr output deleted ...
configure:3675: $? = 0
configure:3664: gcc -V >&5
gcc: error: unrecognized command-line option '-V'
gcc: fatal error: no input files
compilation terminated.
configure:3675: $? = 1
configure:3664: gcc -qversion >&5
gcc: error: unrecognized command-line option '-qversion'; did you mean '--version'?
gcc: fatal error: no input files
compilation terminated.
configure:3675: $? = 1
configure:3664: gcc -version >&5
gcc: error: unrecognized command-line option '-version'
gcc: fatal error: no input files
compilation terminated.
configure:3675: $? = 1
configure:3695: checking whether the C compiler works
configure:3717: gcc    conftest.c  >&5
configure:3721: $? = 0
configure:3771: result: yes
configure:3774: checking for C compiler default output file name
configure:3776: result: a.out
configure:3782: checking for suffix of executables
configure:3789: gcc -o conftest    conftest.c  >&5
configure:3793: $? = 0
configure:3816: result: 
configure:3838: checking whether we are cross compiling
configure:3846: gcc -o conftest    conftest.c  >&5
configure:3850: $? = 0
configure:3857: ./conftest
configure:3861: $? = 0
configure:3876: result: no
configure:3881: checking for suffix of object files
configure:3904: gcc -c   conftest.c >&5
configure:3908: $? = 0
configure:3930: result: o
configure:3934: checking whether the compiler supports GNU C
configure:3954: gcc -c   conftest.c >&5
configure:3954: $? = 0
configure:3964: result: yes
configure:3975: checking whether gcc accepts -g
configure:3996: gcc -c -g  conftest.c >&5
configure:3996: $? = 0
configure:4040: result: yes
configure:4060: checking for gcc option to enable C11 features
configure:4075: gcc  -c -g -O2  conftest.c >&5
configure:4075: $? = 0
configure:4093: result: none needed
configure:4209: checking whether gcc understands -c and -o together
configure:4232: gcc -c conftest.c -o conftest2.o
configure:4235: $? = 0
configure:4232: gcc -c conftest.c -o conftest2.o
configure:4235: $? = 0
configure:4247: result: yes
configure:4267: checking whether make supports the include directive
configure:4282: make -f confmf.GNU && cat confinc.out
this is the am__doit target
configure:4285: $? = 0
configure:4304: result: yes (GNU style)
configure:4330: checking dependency style of gcc
configure:4442: result: gcc3
configure:4459: checking for an ANSI C-conforming const
configure:4526: gcc -c -g -O2  conftest.c >&5
configure:4526: $? = 0
configure:4534: result: yes
configure:4579: checking build system type
configure:4594: result: x86_64-pc-linux-gnu
configure:4614: checking host system type
configure:4628: result: x86_64-pc-linux-gnu
configure:4669: checking how to print strings
configure:4696: result: printf
configure:4717: checking for a sed that does not truncate output
configure:4787: result: /usr/bin/sed
configure:4805: checking for grep that handles long lines and -e
configure:4869: result: /usr/bin/grep
configure:4874: checking for egrep
configure:4942: result: /usr/bin/grep -E
configure:4947: checking for fgrep
configure:5015: result: /usr/bin/grep -F
configure:5051: checking for ld used by gcc
configure:5119: result: /usr/bin/ld
configure:5126: checking if the linker (/usr/bin/ld) is GNU ld
configure:5142: result: yes
configure:5154: checking for BSD- or MS-compatible name lister (nm)
configure:5209: result: /usr/bin/nm -B
configure:5349: checking the name lister (/usr/bin/nm -B) interface
configure:5357: gcc -c -g -O2  conftest.c >&5
configure:5360: /usr/bin/nm -B "conftest.o"
configure:5363: output
0000000000000000 B some_variable
configure:5370: result: BSD nm
configure:5373: checking whether ln -s works
configure:5377: result: yes
configure:5385: checking the maximum length of command line arguments
configure:5517: result: 1572864
configure:5565: checking how to convert x86_64-pc-linux-gnu file names to x86_64-pc-linux-gnu format
configure:5606: result: func_convert_file_noop
configure:5613: checking how to convert x86_64-pc-linux-gnu file names to toolchain format
configure:5634: result: func_convert_file_noop
configure:5641: checking for /usr/bin/ld option to reload object files
configure:5649: result: -r
configure:5728: checking for objdump
configure:5749: found /usr/bin/objdump
configure:5760: result: objdump
configure:5792: checking how to recognize dependent libraries
configure:5993: result: pass_all
configure:6083: checking for dlltool
configure:6118: result: no
configure:6148: checking how to associate runtime and link libraries
configure:6176: result: printf %s\n
configure:6241: checking for ar
configure:6262: found /usr/bin/ar
configure:6273: result: ar
configure:6310: checking for archiver @FILE support
configure:6328: gcc -c -g -O2  conftest.c >&5
configure:6328: $? = 0
configure:6332: ar cr libconftest.a @conftest.lst >&5
configure:6335: $? = 0
configure:6340: ar cr libconftest.a @conftest.lst >&5
ar: conftest.o: No such file or directory
configure:6343: $? = 1
configure:6355: result: @
configure:6418: checking for strip
configure:6439: found /usr/bin/strip
configure:6450: result: strip
configure:6527: checking for ranlib
configure:6548: found /usr/bin/ranlib
configure:6559: result: ranlib
configure:6661: checking command to parse /usr/bin/nm -B output from gcc object
configure:6815: gcc -c -g -O2  conftest.c >&5
configure:6818: $? = 0
configure:6822: /usr/bin/nm -B conftest.o | sed -n -e 's/^.*[	 ]\([ABCDGIRSTW][ABCDGIRSTW]*\)[	 ][	 ]*\([_A-Za-z][_A-Za-z0-9]*\)$/\1 \2 \2/p' | sed '/ __gnu_lto/d' > conftest.nm
configure:6888: gcc -o conftest -g -O2   conftest.c conftstm.o >&5
configure:6891: $? = 0
configure:6929: result: ok
configure:6976: checking for sysroot
configure:7007: result: no
configure:7014: checking for a working dd
configure:7058: result: /usr/bin/dd
configure:7062: checking how to truncate binary pipes
configure:7078: result: /usr/bin/dd bs=4096 count=1
configure:7215: gcc -c -g -O2  conftest.c >&5
configure:7218: $? = 0
configure:7415: checking for mt
configure:7436: found /usr/bin/mt
configure:7447: result: mt
configure:7470: checking if mt is a manifest tool
configure:7477: mt '-?'
configure:7485: result: no
configure:8215: checking for stdio.h
configure:8215: gcc -c -g -O2  conftest.c >&5
configure:8215: $? = 0
configure:8215: result: yes
configure:8215: checking for stdlib.h
configure:8215: gcc -c -g -O2  conftest.c >&5
configure:8215: $? = 0
configure:8215: result: yes
configure:8215: checking for string.h
configure:8215: gcc -c -g -O2  conftest.c >&5
configure:8215: $? = 0
configure:8215: result: yes
configure:8215: checking for inttypes.h
configure:8215: gcc -c -g -O2  conftest.c >&5
configure:8215: $? = 0
configure:8215: result: yes
configure:8215: checking for stdint.h
configure:8215: gcc -c -g -O2  conftest.c >&5
configure:8215: $? = 0
configure:8215: result: yes
configure:8215: checking for strings.h
configure:8215: gcc -c -g -O2  conftest.c >&5
configure:8215: $? = 0
configure:8215: result: yes
configure:8215: checking for sys/stat.h
configure:8215: gcc -c -g -O2  conftest.c >&5
configure:8215: $? = 0
configure:8215: result: yes
configure:8215: checking for sys/types.h
configure:8215: gcc -c -g -O2  conftest.c >&5
configure:8215: $? = 0
configure:8215: result: yes
configure:8215: checking for unistd.h
configure:8215: gcc -c -g -O2  conftest.c >&5
configure:8215: $? = 0
configure:8215: result: yes
configure:8215: checking for sys/time.h
configure:8215: gcc -c -g -O2  conftest.c >&5
configure:8215: $? = 0
configure:8215: result: yes
configure:8240: checking for dlfcn.h
configure:8240: gcc -c -g -O2  conftest.c >&5
configure:8240: $? = 0
configure:8240: result: yes
configure:8497: checking for objdir
configure:8513: result: .libs
configure:8773: checking if gcc supports -fno-rtti -fno-exceptions
configure:8792: gcc -c -g -O2  -fno-rtti -fno-exceptions conftest.c >&5
cc1: warning: command-line option '-fno-rtti' is valid for C++/D/ObjC++ but not for C
configure:8796: $? = 0
configure:8809: result: no
configure:9173: checking for gcc option to produce PIC
configure:9181: result: -fPIC -DPIC
configure:9189: checking if gcc PIC flag -fPIC -DPIC works
configure:9208: gcc -c -g -O2  -fPIC -DPIC -DPIC conftest.c >&5
configure:9212: $? = 0
configure:9225: result: yes
configure:9254: checking if gcc static flag -static works
configure:9283: result: yes
configure:9298: checking if gcc supports -c -o file.o
configure:9320: gcc -c -g -O2  -o out/conftest2.o conftest.c >&5
configure:9324: $? = 0
configure:9346: result: yes
configure:9354: checking if gcc supports -c -o file.o
configure:9402: result: yes
configure:9435: checking whether the gcc linker (/usr/bin/ld -m elf_x86_64) supports shared libraries
configure:10705: result: yes
configure:10742: checking whether -lc should be explicitly linked in
configure:10751: gcc -c -g -O2  conftest.c >&5
configure:10754: $? = 0
configure:10769: gcc -shared  -fPIC -DPIC conftest.o  -v -Wl,-soname -Wl,conftest -o conftest 2\>\&1 \| /usr/bin/grep  -lc  \>/dev/null 2\>\&1
configure:10772: $? = 0
configure:10786: result: no
configure:10946: checking dynamic linker characteristics
configure:11528: gcc -o conftest -g -O2   -Wl,-rpath -Wl,/foo conftest.c  >&5
configure:11528: $? = 0
configure:11779: result: GNU/Linux ld.so
configure:11901: checking how to hardcode library paths into programs
configure:11926: result: immediate
configure:12028: checking for shl_load
configure:12028: gcc -o conftest -g -O2   conftest.c  >&5
/usr/bin/ld: /tmp/ccN0kAkB.o: in function `main':
/home/ben/Documents/project/graphics_programming/gltut-0.4.0/glsdk/freeglut/conftest.c:51: undefined reference to `shl_load'
collect2: error: ld returned 1 exit status
configure:12028: $? = 1
configure: failed program was:
| /* confdefs.h */
| #define PACKAGE_NAME "freeglut library"
| #define PACKAGE_TARNAME "freeglut"
| #define PACKAGE_VERSION "2.6.0"
| #define PACKAGE_STRING "freeglut library 2.6.0"
| #define PACKAGE_BUGREPORT "freeglut-bugs@lists.sourceforge.net"
| #define PACKAGE_URL ""
| #define PACKAGE "freeglut"
| #define VERSION "2.6.0"
| #define HAVE_STDIO_H 1
| #define HAVE_STDLIB_H 1
| #define HAVE_STRING_H 1
| #define HAVE_INTTYPES_H 1
| #define HAVE_STDINT_H 1
| #define HAVE_STRINGS_H 1
| #define HAVE_SYS_STAT_H 1
| #define HAVE_SYS_TYPES_H 1
| #define HAVE_UNISTD_H 1
| #define HAVE_SYS_TIME_H 1
| #define STDC_HEADERS 1
| #define HAVE_DLFCN_H 1
| #define LT_OBJDIR ".libs/"
| /* end confdefs.h.  */
| /* Define shl_load to an innocuous variant, in case <limits.h> declares shl_load.
|    For example, HP-UX 11i <limits.h> declares gettimeofday.  */
| #define shl_load innocuous_shl_load
| 
| /* System header to define __stub macros and hopefully few prototypes,
|    which can conflict with char shl_load (); below.  */
| 
| #include <limits.h>
| #undef shl_load
| 
| /* Override any GCC internal prototype to avoid an error.
|    Use char because int might match the return type of a GCC
|    builtin and then its argument prototype would still apply.  */
| #ifdef __cplusplus
| extern "C"
| #endif
| char shl_load ();
| /* The GNU C library defines this for functions which it implements
|     to always fail with ENOSYS.  Some functions are actually named
|     something starting with __ and the normal name is an alias.  */
| #if defined __stub_shl_load || defined __stub___shl_load
| choke me
| #endif
| 
| int
| main (void)
| {
| return shl_load ();
|   ;
|   return 0;
| }
configure:12028: result: no
configure:12033: checking for shl_load in -ldld
configure:12056: gcc -o conftest -g -O2   conftest.c -ldld   >&5
/usr/bin/ld: cannot find -ldld: No such file or directory
collect2: error: ld returned 1 exit status
configure:12056: $? = 1
configure: failed program was:
| /* confdefs.h */
| #define PACKAGE_NAME "freeglut library"
| #define PACKAGE_TARNAME "freeglut"
| #define PACKAGE_VERSION "2.6.0"
| #define PACKAGE_STRING "freeglut library 2.6.0"
| #define PACKAGE_BUGREPORT "freeglut-bugs@lists.sourceforge.net"
| #define PACKAGE_URL ""
| #define PACKAGE "freeglut"
| #define VERSION "2.6.0"
| #define HAVE_STDIO_H 1
| #define HAVE_STDLIB_H 1
| #define HAVE_STRING_H 1
| #define HAVE_INTTYPES_H 1
| #define HAVE_STDINT_H 1
| #define HAVE_STRINGS_H 1
| #define HAVE_SYS_STAT_H 1
| #define HAVE_SYS_TYPES_H 1
| #define HAVE_UNISTD_H 1
| #define HAVE_SYS_TIME_H 1
| #define STDC_HEADERS 1
| #define HAVE_DLFCN_H 1
| #define LT_OBJDIR ".libs/"
| /* end confdefs.h.  */
| 
| /* Override any GCC internal prototype to avoid an error.
|    Use char because int might match the return type of a GCC
|    builtin and then its argument prototype would still apply.  */
| char shl_load ();
| int
| main (void)
| {
| return shl_load ();
|   ;
|   return 0;
| }
configure:12066: result: no
configure:12072: checking for dlopen
configure:12072: gcc -o conftest -g -O2   conftest.c  >&5
configure:12072: $? = 0
configure:12072: result: yes
configure:12230: checking whether a program can dlopen itself
configure:12311: gcc -o conftest -g -O2  -DHAVE_DLFCN_H  -Wl,--export-dynamic conftest.c   >&5
configure:12314: $? = 0
configure:12332: result: yes
configure:12337: checking whether a statically linked program can dlopen itself
configure:12418: gcc -o conftest -g -O2  -DHAVE_DLFCN_H  -Wl,--export-dynamic -static conftest.c   >&5
/usr/bin/ld: /tmp/ccuTNzEc.o: in function `main':
/home/ben/Documents/project/graphics_programming/gltut-0.4.0/glsdk/freeglut/configure:12397: warning: Using 'dlopen' in statically linked applications requires at runtime the shared libraries from the glibc version used for linking
configure:12421: $? = 0
conftest: undefined symbol: _fnord
configure:12439: result: no
configure:12478: checking whether stripping libraries is possible
configure:12483: result: yes
configure:12518: checking if libtool supports shared libraries
configure:12520: result: yes
configure:12523: checking whether to build shared libraries
configure:12548: result: yes
configure:12551: checking whether to build static libraries
configure:12555: result: yes
configure:12600: checking how to run the C preprocessor
configure:12626: gcc -E  conftest.c
configure:12626: $? = 0
configure:12641: gcc -E  conftest.c
conftest.c:24:10: fatal error: ac_nonexistent.h: No such file or directory
   24 | #include <ac_nonexistent.h>
      |          ^~~~~~~~~~~~~~~~~~
compilation terminated.
configure:12641: $? = 1
configure: failed program was:
| /* confdefs.h */
| #define PACKAGE_NAME "freeglut library"
| #define PACKAGE_TARNAME "freeglut"
| #define PACKAGE_VERSION "2.6.0"
| #define PACKAGE_STRING "freeglut library 2.6.0"
| #define PACKAGE_BUGREPORT "freeglut-bugs@lists.sourceforge.net"
| #define PACKAGE_URL ""
| #define PACKAGE "freeglut"
| #define VERSION "2.6.0"
| #define HAVE_STDIO_H 1
| #define HAVE_STDLIB_H 1
| #define HAVE_STRING_H 1
| #define HAVE_INTTYPES_H 1
| #define HAVE_STDINT_H 1
| #define HAVE_STRINGS_H 1
| #define HAVE_SYS_STAT_H 1
| #define HAVE_SYS_TYPES_H 1
| #define HAVE_UNISTD_H 1
| #define HAVE_SYS_TIME_H 1
| #define STDC_HEADERS 1
| #define HAVE_DLFCN_H 1
| #define LT_OBJDIR ".libs/"
| /* end confdefs.h.  */
| #include <ac_nonexistent.h>
configure:12668: result: gcc -E
configure:12682: gcc -E  conftest.c
configure:12682: $? = 0
configure:12697: gcc -E  conftest.c
conftest.c:24:10: fatal error: ac_nonexistent.h: No such file or directory
   24 | #include <ac_nonexistent.h>
      |          ^~~~~~~~~~~~~~~~~~
compilation terminated.
configure:12697: $? = 1
configure: failed program was:
| /* confdefs.h */
| #define PACKAGE_NAME "freeglut library"
| #define PACKAGE_TARNAME "freeglut"
| #define PACKAGE_VERSION "2.6.0"
| #define PACKAGE_STRING "freeglut library 2.6.0"
| #define PACKAGE_BUGREPORT "freeglut-bugs@lists.sourceforge.net"
| #define PACKAGE_URL ""
| #define PACKAGE "freeglut"
| #define VERSION "2.6.0"
| #define HAVE_STDIO_H 1
| #define HAVE_STDLIB_H 1
| #define HAVE_STRING_H 1
| #define HAVE_INTTYPES_H 1
| #define HAVE_STDINT_H 1
| #define HAVE_STRINGS_H 1
| #define HAVE_SYS_STAT_H 1
| #define HAVE_SYS_TYPES_H 1
| #define HAVE_UNISTD_H 1
| #define HAVE_SYS_TIME_H 1
| #define STDC_HEADERS 1
| #define HAVE_DLFCN_H 1
| #define LT_OBJDIR ".libs/"
| /* end confdefs.h.  */
| #include <ac_nonexistent.h>
configure:12728: checking for X
configure:12766: gcc -o conftest -g -O2   conftest.c -lX11  >&5
configure:12766: $? = 0
configure:12953: result: libraries , headers 
configure:13051: gcc -o conftest -g -O2   conftest.c   -lX11 >&5
configure:13051: $? = 0
configure:13150: checking for gethostbyname
configure:13150: gcc -o conftest -g -O2   conftest.c  >&5
configure:13150: $? = 0
configure:13150: result: yes
configure:13248: checking for connect
configure:13248: gcc -o conftest -g -O2   conftest.c  >&5
configure:13248: $? = 0
configure:13248: result: yes
configure:13298: checking for remove
configure:13298: gcc -o conftest -g -O2   conftest.c  >&5
configure:13298: $? = 0
configure:13298: result: yes
configure:13348: checking for shmat
configure:13348: gcc -o conftest -g -O2   conftest.c  >&5
configure:13348: $? = 0
configure:13348: result: yes
configure:13407: checking for IceConnectionNumber in -lICE
configure:13430: gcc -o conftest -g -O2   conftest.c -lICE   >&5
/usr/bin/ld: cannot find -lICE: No such file or directory
collect2: error: ld returned 1 exit status
configure:13430: $? = 1
configure: failed program was:
| /* confdefs.h */
| #define PACKAGE_NAME "freeglut library"
| #define PACKAGE_TARNAME "freeglut"
| #define PACKAGE_VERSION "2.6.0"
| #define PACKAGE_STRING "freeglut library 2.6.0"
| #define PACKAGE_BUGREPORT "freeglut-bugs@lists.sourceforge.net"
| #define PACKAGE_URL ""
| #define PACKAGE "freeglut"
| #define VERSION "2.6.0"
| #define HAVE_STDIO_H 1
| #define HAVE_STDLIB_H 1
| #define HAVE_STRING_H 1
| #define HAVE_INTTYPES_H 1
| #define HAVE_STDINT_H 1
| #define HAVE_STRINGS_H 1
| #define HAVE_SYS_STAT_H 1
| #define HAVE_SYS_TYPES_H 1
| #define HAVE_UNISTD_H 1
| #define HAVE_SYS_TIME_H 1
| #define STDC_HEADERS 1
| #define HAVE_DLFCN_H 1
| #define LT_OBJDIR ".libs/"
| /* end confdefs.h.  */
| 
| /* Override any GCC internal prototype to avoid an error.
|    Use char because int might match the return type of a GCC
|    builtin and then its argument prototype would still apply.  */
| char IceConnectionNumber ();
| int
| main (void)
| {
| return IceConnectionNumber ();
|   ;
|   return 0;
| }
configure:13440: result: no
configure:13460: checking for XF86VidModeSwitchToMode in -lXxf86vm
configure:13483: gcc -o conftest -g -O2   conftest.c -lXxf86vm  -lXext -lX11  >&5
/usr/bin/ld: cannot find -lXxf86vm: No such file or directory
collect2: error: ld returned 1 exit status
configure:13483: $? = 1
configure: failed program was:
| /* confdefs.h */
| #define PACKAGE_NAME "freeglut library"
| #define PACKAGE_TARNAME "freeglut"
| #define PACKAGE_VERSION "2.6.0"
| #define PACKAGE_STRING "freeglut library 2.6.0"
| #define PACKAGE_BUGREPORT "freeglut-bugs@lists.sourceforge.net"
| #define PACKAGE_URL ""
| #define PACKAGE "freeglut"
| #define VERSION "2.6.0"
| #define HAVE_STDIO_H 1
| #define HAVE_STDLIB_H 1
| #define HAVE_STRING_H 1
| #define HAVE_INTTYPES_H 1
| #define HAVE_STDINT_H 1
| #define HAVE_STRINGS_H 1
| #define HAVE_SYS_STAT_H 1
| #define HAVE_SYS_TYPES_H 1
| #define HAVE_UNISTD_H 1
| #define HAVE_SYS_TIME_H 1
| #define STDC_HEADERS 1
| #define HAVE_DLFCN_H 1
| #define LT_OBJDIR ".libs/"
| /* end confdefs.h.  */
| 
| /* Override any GCC internal prototype to avoid an error.
|    Use char because int might match the return type of a GCC
|    builtin and then its argument prototype would still apply.  */
| char XF86VidModeSwitchToMode ();
| int
| main (void)
| {
| return XF86VidModeSwitchToMode ();
|   ;
|   return 0;
| }
configure:13493: result: no
configure:13516: checking for egrep
configure:13584: result: /usr/bin/grep -E
configure:13592: checking for GL/gl.h
configure:13592: gcc -c -g -O2   conftest.c >&5
configure:13592: $? = 0
configure:13592: result: yes
configure:13598: checking for GL/glu.h
configure:13598: gcc -c -g -O2   conftest.c >&5
configure:13598: $? = 0
configure:13598: result: yes
configure:13604: checking for GL/glx.h
configure:13604: gcc -c -g -O2   conftest.c >&5
configure:13604: $? = 0
configure:13604: result: yes
configure:13610: checking for fcntl.h
configure:13610: gcc -c -g -O2   conftest.c >&5
configure:13610: $? = 0
configure:13610: result: yes
configure:13616: checking for limits.h
configure:13616: gcc -c -g -O2   conftest.c >&5
configure:13616: $? = 0
configure:13616: result: yes
configure:13622: checking for sys/ioctl.h
configure:13622: gcc -c -g -O2   conftest.c >&5
configure:13622: $? = 0
configure:13622: result: yes
configure:13628: checking for sys/param.h
configure:13628: gcc -c -g -O2   conftest.c >&5
configure:13628: $? = 0
configure:13628: result: yes
configure:13634: checking for sys/time.h
configure:13634: result: yes
configure:13651: checking for X11/extensions/xf86vmode.h
configure:13651: gcc -c -g -O2   conftest.c >&5
conftest.c:35:10: fatal error: X11/extensions/xf86vmode.h: No such file or directory
   35 | #include <X11/extensions/xf86vmode.h>
      |          ^~~~~~~~~~~~~~~~~~~~~~~~~~~~
compilation terminated.
configure:13651: $? = 1
configure: failed program was:
| /* confdefs.h */
| #define PACKAGE_NAME "freeglut library"
| #define PACKAGE_TARNAME "freeglut"
| #define PACKAGE_VERSION "2.6.0"
| #define PACKAGE_STRING "freeglut library 2.6.0"
| #define PACKAGE_BUGREPORT "freeglut-bugs@lists.sourceforge.net"
| #define PACKAGE_URL ""
| #define PACKAGE "freeglut"
| #define VERSION "2.6.0"
| #define HAVE_STDIO_H 1
| #define HAVE_STDLIB_H 1
| #define HAVE_STRING_H 1
| #define HAVE_INTTYPES_H 1
| #define HAVE_STDINT_H 1
| #define HAVE_STRINGS_H 1
| #define HAVE_SYS_STAT_H 1
| #define HAVE_SYS_TYPES_H 1
| #define HAVE_UNISTD_H 1
| #define HAVE_SYS_TIME_H 1
| #define STDC_HEADERS 1
| #define HAVE_DLFCN_H 1
| #define LT_OBJDIR ".libs/"
| #define HAVE_GL_GL_H 1
| #define HAVE_GL_GLU_H 1
| #define HAVE_GL_GLX_H 1
| #define HAVE_FCNTL_H 1
| #define HAVE_LIMITS_H 1
| #define HAVE_SYS_IOCTL_H 1
| #define HAVE_SYS_PARAM_H 1
| #define HAVE_SYS_TIME_H 1
| #define TIME_WITH_SYS_TIME 1
| /* end confdefs.h.  */
| #include <X11/Xlib.h>
| 
| #include <X11/extensions/xf86vmode.h>
configure:13651: result: no
configure:13659: checking for X11/extensions/XI.h
configure:13659: gcc -c -g -O2   conftest.c >&5
configure:13659: $? = 0
configure:13659: result: yes
configure:13665: checking for X11/extensions/XInput.h
configure:13665: gcc -c -g -O2   conftest.c >&5
configure:13665: $? = 0
configure:13665: result: yes
configure:13676: checking whether gcc needs -traditional
configure:13713: result: no
configure:13724: checking for vprintf
configure:13724: gcc -o conftest -g -O2   conftest.c  >&5
conftest.c:51:6: warning: conflicting types for built-in function 'vprintf'; expected 'int(const char *, __va_list_tag *)' [-Wbuiltin-declaration-mismatch]
   51 | char vprintf ();
      |      ^~~~~~~
conftest.c:43:1: note: 'vprintf' is declared in header '<stdio.h>'
   42 | #include <limits.h>
   43 | #undef vprintf
configure:13724: $? = 0
configure:13724: result: yes
configure:13833: checking for cos in -lm
configure:13856: gcc -o conftest -g -O2   conftest.c -lm   >&5
conftest.c:40:6: warning: conflicting types for built-in function 'cos'; expected 'double(double)' [-Wbuiltin-declaration-mismatch]
   40 | char cos ();
      |      ^~~
conftest.c:1:1: note: 'cos' is declared in header '<math.h>'
    1 | /* confdefs.h */
configure:13856: $? = 0
configure:13866: result: yes
configure:13878: checking for gettimeofday
configure:13878: gcc -o conftest -g -O2   conftest.c  >&5
configure:13878: $? = 0
configure:13878: result: yes
configure:14039: checking that generated files are newer than configure
configure:14045: result: done
configure:14068: creating ./config.status

## ---------------------- ##
## Running config.status. ##
## ---------------------- ##

This file was extended by freeglut library config.status 2.6.0, which was
generated by GNU Autoconf 2.71.  Invocation command line was

  CONFIG_FILES    = 
  CONFIG_HEADERS  = 
  CONFIG_LINKS    = 
  CONFIG_COMMANDS = 
  $ ./config.status 

on benc

config.status:1122: creating Makefile
config.status:1122: creating doc/Makefile
config.status:1122: creating include/GL/Makefile
config.status:1122: creating include/Makefile
config.status:1122: creating progs/Makefile
config.status:1122: creating progs/demos/CallbackMaker/Makefile
config.status:1122: creating progs/demos/Fractals/Makefile
config.status:1122: creating progs/demos/Fractals_random/Makefile
config.status:1122: creating progs/demos/Lorenz/Makefile
config.status:1122: creating progs/demos/Makefile
config.status:1122: creating progs/demos/One/Makefile
config.status:1122: creating progs/demos/shapes/Makefile
config.status:1122: creating progs/demos/smooth_opengl3/Makefile
config.status:1122: creating progs/demos/spaceball/Makefile
config.status:1122: creating src/Makefile
config.status:1122: creating config.h
config.status:1351: executing depfiles commands
config.status:1428: cd progs/demos/CallbackMaker       && sed -e '/# am--include-marker/d' Makefile         | make -f - am--depfiles
config.status:1433: $? = 0
config.status:1428: cd progs/demos/Fractals       && sed -e '/# am--include-marker/d' Makefile         | make -f - am--depfiles
config.status:1433: $? = 0
config.status:1428: cd progs/demos/Fractals_random       && sed -e '/# am--include-marker/d' Makefile         | make -f - am--depfiles
config.status:1433: $? = 0
config.status:1428: cd progs/demos/Lorenz       && sed -e '/# am--include-marker/d' Makefile         | make -f - am--depfiles
config.status:1433: $? = 0
config.status:1428: cd progs/demos/One       && sed -e '/# am--include-marker/d' Makefile         | make -f - am--depfiles
config.status:1433: $? = 0
config.status:1428: cd progs/demos/shapes       && sed -e '/# am--include-marker/d' Makefile         | make -f - am--depfiles
config.status:1433: $? = 0
config.status:1428: cd progs/demos/smooth_opengl3       && sed -e '/# am--include-marker/d' Makefile         | make -f - am--depfiles
config.status:1433: $? = 0
config.status:1428: cd progs/demos/spaceball       && sed -e '/# am--include-marker/d' Makefile         | make -f - am--depfiles
config.status:1433: $? = 0
config.status:1428: cd src       && sed -e '/# am--include-marker/d' Makefile         | make -f - am--depfiles
config.status:1433: $? = 0
config.status:1351: executing libtool commands

## ---------------- ##
## Cache variables. ##
## ---------------- ##

ac_cv_build=x86_64-pc-linux-gnu
ac_cv_c_compiler_gnu=yes
ac_cv_c_const=yes
ac_cv_env_CC_set=
ac_cv_env_CC_value=
ac_cv_env_CFLAGS_set=
ac_cv_env_CFLAGS_value=
ac_cv_env_CPPFLAGS_set=
ac_cv_env_CPPFLAGS_value=
ac_cv_env_CPP_set=
ac_cv_env_CPP_value=
ac_cv_env_LDFLAGS_set=
ac_cv_env_LDFLAGS_value=
ac_cv_env_LIBS_set=
ac_cv_env_LIBS_value=
ac_cv_env_LT_SYS_LIBRARY_PATH_set=
ac_cv_env_LT_SYS_LIBRARY_PATH_value=
ac_cv_env_XMKMF_set=
ac_cv_env_XMKMF_value=
ac_cv_env_build_alias_set=
ac_cv_env_build_alias_value=
ac_cv_env_host_alias_set=
ac_cv_env_host_alias_value=
ac_cv_env_target_alias_set=
ac_cv_env_target_alias_value=
ac_cv_func_connect=yes
ac_cv_func_dlopen=yes
ac_cv_func_gethostbyname=yes
ac_cv_func_gettimeofday=yes
ac_cv_func_remove=yes
ac_cv_func_shl_load=no
ac_cv_func_shmat=yes
ac_cv_func_vprintf=yes
ac_cv_have_x='have_x=yes	ac_x_includes='\'''\''	ac_x_libraries='\'''\'''
ac_cv_header_GL_gl_h=yes
ac_cv_header_GL_glu_h=yes
ac_cv_header_GL_glx_h=yes
ac_cv_header_X11_extensions_XI_h=yes
ac_cv_header_X11_extensions_XInput_h=yes
ac_cv_header_X11_extensions_xf86vmode_h=no
ac_cv_header_dlfcn_h=yes
ac_cv_header_fcntl_h=yes
ac_cv_header_inttypes_h=yes
ac_cv_header_limits_h=yes
ac_cv_header_stdint_h=yes
ac_cv_header_stdio_h=yes
ac_cv_header_stdlib_h=yes
ac_cv_header_string_h=yes
ac_cv_header_strings_h=yes
ac_cv_header_sys_ioctl_h=yes
ac_cv_header_sys_param_h=yes
ac_cv_header_sys_stat_h=yes
ac_cv_header_sys_time_h=yes
ac_cv_header_sys_types_h=yes
ac_cv_header_unistd_h=yes
ac_cv_host=x86_64-pc-linux-gnu
ac_cv_lib_ICE_IceConnectionNumber=no
ac_cv_lib_Xxf86vm_XF86VidModeSwitchToMode=no
ac_cv_lib_dld_shl_load=no
ac_cv_lib_m_cos=yes
ac_cv_objext=o
ac_cv_path_EGREP='/usr/bin/grep -E'
ac_cv_path_FGREP='/usr/bin/grep -F'
ac_cv_path_GREP=/usr/bin/grep
ac_cv_path_SED=/usr/bin/sed
ac_cv_path_install='/usr/bin/install -c'
ac_cv_path_lt_DD=/usr/bin/dd
ac_cv_path_mkdir=/usr/bin/mkdir
ac_cv_prog_AWK=gawk
ac_cv_prog_CPP='gcc -E'
ac_cv_prog_ac_ct_AR=ar
ac_cv_prog_ac_ct_CC=gcc
ac_cv_prog_ac_ct_MANIFEST_TOOL=mt
ac_cv_prog_ac_ct_OBJDUMP=objdump
ac_cv_prog_ac_ct_RANLIB=ranlib
ac_cv_prog_ac_ct_STRIP=strip
ac_cv_prog_cc_c11=
ac_cv_prog_cc_g=yes
ac_cv_prog_cc_stdc=
ac_cv_prog_gcc_traditional=no
ac_cv_prog_make_make_set=yes
am_cv_CC_dependencies_compiler_type=gcc3
am_cv_make_support_nested_variables=yes
am_cv_prog_cc_c_o=yes
lt_cv_ar_at_file=@
lt_cv_archive_cmds_need_lc=no
lt_cv_deplibs_check_method=pass_all
lt_cv_dlopen=dlopen
lt_cv_dlopen_libs=
lt_cv_dlopen_self=yes
lt_cv_dlopen_self_static=no
lt_cv_file_magic_cmd='$MAGIC_CMD'
lt_cv_file_magic_test_file=
lt_cv_ld_reload_flag=-r
lt_cv_nm_interface='BSD nm'
lt_cv_objdir=.libs
lt_cv_path_LD=/usr/bin/ld
lt_cv_path_NM='/usr/bin/nm -B'
lt_cv_path_mainfest_tool=no
lt_cv_prog_compiler_c_o=yes
lt_cv_prog_compiler_pic='-fPIC -DPIC'
lt_cv_prog_compiler_pic_works=yes
lt_cv_prog_compiler_rtti_exceptions=no
lt_cv_prog_compiler_static_works=yes
lt_cv_prog_gnu_ld=yes
lt_cv_sharedlib_from_linklib_cmd='printf %s\n'
lt_cv_shlibpath_overrides_runpath=yes
lt_cv_sys_global_symbol_pipe='sed -n -e '\''s/^.*[	 ]\([ABCDGIRSTW][ABCDGIRSTW]*\)[	 ][	 ]*\([_A-Za-z][_A-Za-z0-9]*\)$/\1 \2 \2/p'\'' | sed '\''/ __gnu_lto/d'\'''
lt_cv_sys_global_symbol_to_c_name_address='sed -n -e '\''s/^: \(.*\) .*$/  {"\1", (void *) 0},/p'\'' -e '\''s/^[ABCDGIRSTW][ABCDGIRSTW]* .* \(.*\)$/  {"\1", (void *) \&\1},/p'\'''
lt_cv_sys_global_symbol_to_c_name_address_lib_prefix='sed -n -e '\''s/^: \(.*\) .*$/  {"\1", (void *) 0},/p'\'' -e '\''s/^[ABCDGIRSTW][ABCDGIRSTW]* .* \(lib.*\)$/  {"\1", (void *) \&\1},/p'\'' -e '\''s/^[ABCDGIRSTW][ABCDGIRSTW]* .* \(.*\)$/  {"lib\1", (void *) \&\1},/p'\'''
lt_cv_sys_global_symbol_to_cdecl='sed -n -e '\''s/^T .* \(.*\)$/extern int \1();/p'\'' -e '\''s/^[ABCDGIRSTW][ABCDGIRSTW]* .* \(.*\)$/extern char \1;/p'\'''
lt_cv_sys_global_symbol_to_import=
lt_cv_sys_max_cmd_len=1572864
lt_cv_to_host_file_cmd=func_convert_file_noop
lt_cv_to_tool_file_cmd=func_convert_file_noop
lt_cv_truncate_bin='/usr/bin/dd bs=4096 count=1'

## ----------------- ##
## Output variables. ##
## ----------------- ##

ACLOCAL='${SHELL} '\''/home/ben/Documents/project/graphics_programming/gltut-0.4.0/glsdk/freeglut/missing'\'' aclocal-1.16'
AMDEPBACKSLASH='\'
AMDEP_FALSE='#'
AMDEP_TRUE=''
AMTAR='$${TAR-tar}'
AM_BACKSLASH='\'
AM_DEFAULT_V='$(AM_DEFAULT_VERBOSITY)'
AM_DEFAULT_VERBOSITY='1'
AM_V='$(V)'
AR='ar'
AUTOCONF='${SHELL} '\''/home/ben/Documents/project/graphics_programming/gltut-0.4.0/glsdk/freeglut/missing'\'' autoconf'
AUTOHEADER='${SHELL} '\''/home/ben/Documents/project/graphics_programming/gltut-0.4.0/glsdk/freeglut/missing'\'' autoheader'
AUTOMAKE='${SHELL} '\''/home/ben/Documents/project/graphics_programming/gltut-0.4.0/glsdk/freeglut/missing'\'' automake-1.16'
AWK='gawk'
CC='gcc'
CCDEPMODE='depmode=gcc3'
CFLAGS='-g -O2 -Wall -pedantic'
CPP='gcc -E'
CPPFLAGS=''
CSCOPE='cscope'
CTAGS='ctags'
CYGPATH_W='echo'
DEFS='-DHAVE_CONFIG_H'
DEPDIR='.deps'
DLLTOOL='false'
DSYMUTIL=''
DUMPBIN=''
ECHO_C=''
ECHO_N='-n'
ECHO_T=''
EGREP='/usr/bin/grep -E'
ETAGS='etags'
EXEEXT=''
EXPORT_FLAGS=''
FGREP='/usr/bin/grep -F'
GL_LIBS='-lGL -lXext -lX11'
GREP='/usr/bin/grep'
HEADER='glut.h'
INSTALL_DATA='${INSTALL} -m 644'
INSTALL_PROGRAM='${INSTALL}'
INSTALL_SCRIPT='${INSTALL}'
INSTALL_STRIP_PROGRAM='$(install_sh) -c -s'
LD='/usr/bin/ld -m elf_x86_64'
LDFLAGS=''
LIBM='-lm'
LIBOBJS=''
LIBRARY='glut'
LIBS=''
LIBTOOL='$(SHELL) $(top_builddir)/libtool'
LIBTOOL_DEPS='.//ltmain.sh'
LIBXI='-lXi'
LIBXXF86VM=''
LIPO=''
LN_S='ln -s'
LTLIBOBJS=''
LT_SYS_LIBRARY_PATH=''
MAKEINFO='${SHELL} '\''/home/ben/Documents/project/graphics_programming/gltut-0.4.0/glsdk/freeglut/missing'\'' makeinfo'
MANIFEST_TOOL=':'
MKDIR_P='/usr/bin/mkdir -p'
NM='/usr/bin/nm -B'
NMEDIT=''
OBJDUMP='objdump'
OBJEXT='o'
OTOOL64=''
OTOOL=''
PACKAGE='freeglut'
PACKAGE_BUGREPORT='freeglut-bugs@lists.sourceforge.net'
PACKAGE_NAME='freeglut library'
PACKAGE_STRING='freeglut library 2.6.0'
PACKAGE_TARNAME='freeglut'
PACKAGE_URL=''
PACKAGE_VERSION='2.6.0'
PATH_SEPARATOR=':'
RANLIB='ranlib'
SED='/usr/bin/sed'
SET_MAKE=''
SHELL='/bin/bash'
STRIP='strip'
VERSION='2.6.0'
VERSION_INFO='-version-info 12:0:9'
XMKMF=''
X_CFLAGS=''
X_EXTRA_LIBS=''
X_LIBS=''
X_PRE_LIBS=''
ac_ct_AR='ar'
ac_ct_CC='gcc'
ac_ct_DUMPBIN=''
am__EXEEXT_FALSE=''
am__EXEEXT_TRUE='#'
am__fastdepCC_FALSE='#'
am__fastdepCC_TRUE=''
am__include='include'
am__isrc=''
am__leading_dot='.'
am__nodep='_no'
am__quote=''
am__tar='$${TAR-tar} chof - "$$tardir"'
am__untar='$${TAR-tar} xf -'
bindir='${exec_prefix}/bin'
build='x86_64-pc-linux-gnu'
build_alias=''
build_cpu='x86_64'
build_os='linux-gnu'
build_vendor='pc'
datadir='${datarootdir}'
datarootdir='${prefix}/share'
docdir='${datarootdir}/doc/${PACKAGE_TARNAME}'
dvidir='${docdir}'
exec_prefix='${prefix}'
host='x86_64-pc-linux-gnu'
host_alias=''
host_cpu='x86_64'
host_os='linux-gnu'
host_vendor='pc'
htmldir='${docdir}'
includedir='${prefix}/include'
infodir='${datarootdir}/info'
install_sh='${SHELL} /home/ben/Documents/project/graphics_programming/gltut-0.4.0/glsdk/freeglut/install-sh'
libdir='${exec_prefix}/lib'
libexecdir='${exec_prefix}/libexec'
localedir='${datarootdir}/locale'
localstatedir='${prefix}/var'
mandir='${datarootdir}/man'
mkdir_p='$(MKDIR_P)'
oldincludedir='/usr/include'
pdfdir='${docdir}'
prefix='/usr/local'
program_transform_name='s,x,x,'
psdir='${docdir}'
runstatedir='${localstatedir}/run'
sbindir='${exec_prefix}/sbin'
sharedstatedir='${prefix}/com'
sysconfdir='${prefix}/etc'
target_alias=''

## ----------- ##
## confdefs.h. ##
## ----------- ##

/* confdefs.h */
#define PACKAGE_NAME "freeglut library"
#define PACKAGE_TARNAME "freeglut"
#define PACKAGE_VERSION "2.6.0"
#define PACKAGE_STRING "freeglut library 2.6.0"
#define PACKAGE_BUGREPORT "freeglut-bugs@lists.sourceforge.net"
#define PACKAGE_URL ""
#define PACKAGE "freeglut"
#define VERSION "2.6.0"
#define HAVE_STDIO_H 1
#define HAVE_STDLIB_H 1
#define HAVE_STRING_H 1
#define HAVE_INTTYPES_H 1
#define HAVE_STDINT_H 1
#define HAVE_STRINGS_H 1
#define HAVE_SYS_STAT_H 1
#define HAVE_SYS_TYPES_H 1
#define HAVE_UNISTD_H 1
#define HAVE_SYS_TIME_H 1
#define STDC_HEADERS 1
#define HAVE_DLFCN_H 1
#define LT_OBJDIR ".libs/"
#define HAVE_GL_GL_H 1
#define HAVE_GL_GLU_H 1
#define HAVE_GL_GLX_H 1
#define HAVE_FCNTL_H 1
#define HAVE_LIMITS_H 1
#define HAVE_SYS_IOCTL_H 1
#define HAVE_SYS_PARAM_H 1
#define HAVE_SYS_TIME_H 1
#define TIME_WITH_SYS_TIME 1
#define HAVE_X11_EXTENSIONS_XI_H 1
#define HAVE_X11_EXTENSIONS_XINPUT_H 1
#define HAVE_VPRINTF 1
#define HAVE_GETTIMEOFDAY 1

configure: exit 0
